<?xml version='1.0' encoding='UTF-8'?>
<dataset>
	<!-- =========================================== Concepts A-Z =============================================== -->

	<concept concept_id="1054" retired="false" datatype_id="2" class_id="7" is_set="false" creator="1" date_created="2004-08-12 00:00:00.0" version="0.1" changed_by="1" date_changed="2006-06-09 14:57:33.0" uuid="1054AAAAAAAAAAAAAAAAAAAAAAAAAAAAAAAA"/>
	<concept_name concept_name_id="1054" concept_id="1054" name="CIVIL STATUS" locale="en" creator="1" date_created="2004-08-12 00:00:00.0" concept_name_type="FULLY_SPECIFIED" locale_preferred="1" voided="false" uuid="1054-name"/>

	<concept concept_id="1058" retired="false" datatype_id="4" class_id="11" is_set="false" creator="1" date_created="2004-08-12 00:00:00.0" version="0.1" changed_by="1" date_changed="2006-06-09 14:57:33.0" uuid="1058AAAAAAAAAAAAAAAAAAAAAAAAAAAAAAAA"/>
	<concept_name concept_name_id="1058" concept_id="1058" name="DIVORCED" locale="en" creator="1" date_created="2004-08-12 00:00:00.0" concept_name_type="FULLY_SPECIFIED" locale_preferred="1" voided="false" uuid="1058-name"/>

</dataset>