<?xml version='1.0' encoding='UTF-8'?>
<dataset>
	<!-- =========================================== Concepts A-Z =============================================== -->

	<concept concept_id="1054" retired="false" datatype_id="2" class_id="7" is_set="false" creator="1" date_created="2004-08-12 00:00:00.0" version="0.1" changed_by="1" date_changed="2006-06-09 14:57:33.0" uuid="1054AAAAAAAAAAAAAAAAAAAAAAAAAAAAAAAA"/>
	<concept_name concept_name_id="1054" concept_id="1054" name="CIVIL STATUS" locale="en" creator="1" date_created="2004-08-12 00:00:00.0" concept_name_type="FULLY_SPECIFIED" locale_preferred="1" voided="false" uuid="1054-name"/>

	<concept concept_id="1058" retired="false" datatype_id="4" class_id="11" is_set="false" creator="1" date_created="2004-08-12 00:00:00.0" version="0.1" changed_by="1" date_changed="2006-06-09 14:57:33.0" uuid="1058AAAAAAAAAAAAAAAAAAAAAAAAAAAAAAAA"/>
	<concept_name concept_name_id="1058" concept_id="1058" name="DIVORCED" locale="en" creator="1" date_created="2004-08-12 00:00:00.0" concept_name_type="FULLY_SPECIFIED" locale_preferred="1" voided="false" uuid="1058-name"/>

	<concept concept_id="160540" retired="false" datatype_id="2" class_id="11" is_set="false" creator="1" date_created="2004-08-12 00:00:00.0" version="0.1" changed_by="1" date_changed="2006-06-09 14:57:33.0" uuid="160540AAAAAAAAAAAAAAAAAAAAAAAAAAAAAA"/>
	<concept_name concept_name_id="160540" concept_id="160540" name="METHOD OF ENROLLMENT" locale="en" creator="1" date_created="2004-08-12 00:00:00.0" concept_name_type="FULLY_SPECIFIED" locale_preferred="1" voided="false" uuid="160540-name"/>

	<concept concept_id="160538" retired="false" datatype_id="4" class_id="5" is_set="false" creator="1" date_created="2004-08-12 00:00:00.0" version="0.1" changed_by="1" date_changed="2006-06-09 14:57:33.0" uuid="160538AAAAAAAAAAAAAAAAAAAAAAAAAAAAAA"/>
	<concept_name concept_name_id="160538" concept_id="160538" name="PMTCT PROGRAM" locale="en" creator="1" date_created="2004-08-12 00:00:00.0" concept_name_type="FULLY_SPECIFIED" locale_preferred="1" voided="false" uuid="160538-name"/>

	<!-- =========================================== Programs =============================================== -->

	<program program_id="1001" concept_id="160541" outcomes_concept_id="160038" creator="1" date_created="2004-08-12 00:00:00.0" retired="0" name="TB Program" description="TB Treatment Program" uuid="9f144a34-3a4a-44a9-8486-6b7af6cc64f6"/>
	<program program_id="1002" concept_id="9" outcomes_concept_id="1695" creator="1" date_created="2004-08-12 00:00:00.0" retired="0" name="HIV Program" description="Program for following or treating HIV-positive patients" uuid="dfdc6d40-2f2f-463d-ba90-cc97350441a8"/>

</dataset>